<?xml version="1.0" encoding="UTF-8"?>
<testsuite name="Step08_test$Step08Test" tests="1" skipped="0" failures="0" errors="0" timestamp="2022-11-30T02:01:31" hostname="DESKTOP-7JMUG81" time="0.028">
  <properties/>
  <testcase name="exactPrimeNumberRange()" classname="Step08_test$Step08Test" time="0.028"/>
  <system-out><![CDATA[]]></system-out>
  <system-err><![CDATA[]]></system-err>
</testsuite>
