<?xml version="1.0" encoding="UTF-8"?>
<testsuite name="CommonTest" tests="3" skipped="0" failures="0" errors="0" timestamp="2022-11-28T09:33:55" hostname="DESKTOP-7JMUG81" time="0.035">
  <properties/>
  <testcase name="numberOfCharWithFirstLine()" classname="CommonTest" time="0.032"/>
  <testcase name="getCharInToken()" classname="CommonTest" time="0.001"/>
  <testcase name="getStringArrayInToken()" classname="CommonTest" time="0.001"/>
  <system-out><![CDATA[]]></system-out>
  <system-err><![CDATA[]]></system-err>
</testsuite>
