<?xml version="1.0" encoding="UTF-8"?>
<testsuite name="Step09" tests="1" skipped="0" failures="0" errors="0" timestamp="2022-07-02T07:17:37" hostname="DESKTOP-7JMUG81" time="0.028">
  <properties/>
  <testcase name="runTest" classname="Step09" time="0.028"/>
  <system-out><![CDATA[]]></system-out>
  <system-err><![CDATA[]]></system-err>
</testsuite>
